<?xml version="1.0" encoding="UTF-8"?>
<!-- Generated by org.testng.reporters.JUnitReportReporter -->
<testsuite hostname="LAPTOP-0IGOBDLL" failures="0" tests="1" name="automation.StandAloneTestNGImplTest" time="18.937" errors="0" timestamp="2025-03-15T22:40:17 WIB" skipped="0">
  <testcase classname="automation.StandAloneTestNGImplTest" name="createOrder" time="18.937"/>
</testsuite> <!-- automation.StandAloneTestNGImplTest -->
