<?xml version="1.0" encoding="UTF-8"?>
<!-- Generated by org.testng.reporters.JUnitReportReporter -->
<testsuite hostname="LAPTOP-0IGOBDLL" failures="0" tests="1" name="automation.StandAloneTestNGImpl2Test" time="21.036" errors="0" timestamp="2025-03-15T22:40:17 WIB" skipped="0">
  <testcase classname="automation.StandAloneTestNGImpl2Test" name="createOrder" time="21.036"/>
</testsuite> <!-- automation.StandAloneTestNGImpl2Test -->
